mode: set
github.com/johnsaigle/go-unmaintained/pkg/analyzer/analyzer.go:80.52,82.16 2 0
github.com/johnsaigle/go-unmaintained/pkg/analyzer/analyzer.go:82.16,84.3 1 0
github.com/johnsaigle/go-unmaintained/pkg/analyzer/analyzer.go:87.2,88.16 2 0
github.com/johnsaigle/go-unmaintained/pkg/analyzer/analyzer.go:88.16,90.3 1 0
github.com/johnsaigle/go-unmaintained/pkg/analyzer/analyzer.go:93.2,93.21 1 0
github.com/johnsaigle/go-unmaintained/pkg/analyzer/analyzer.go:93.21,96.3 1 0
github.com/johnsaigle/go-unmaintained/pkg/analyzer/analyzer.go:100.2,101.52 2 0
github.com/johnsaigle/go-unmaintained/pkg/analyzer/analyzer.go:101.52,103.3 1 0
github.com/johnsaigle/go-unmaintained/pkg/analyzer/analyzer.go:104.2,115.8 3 0
github.com/johnsaigle/go-unmaintained/pkg/analyzer/analyzer.go:119.93,120.24 1 0
github.com/johnsaigle/go-unmaintained/pkg/analyzer/analyzer.go:120.24,122.3 1 0
github.com/johnsaigle/go-unmaintained/pkg/analyzer/analyzer.go:123.2,123.44 1 0
github.com/johnsaigle/go-unmaintained/pkg/analyzer/analyzer.go:127.103,130.39 2 0
github.com/johnsaigle/go-unmaintained/pkg/analyzer/analyzer.go:130.39,132.17 2 0
github.com/johnsaigle/go-unmaintained/pkg/analyzer/analyzer.go:132.17,139.4 1 0
github.com/johnsaigle/go-unmaintained/pkg/analyzer/analyzer.go:142.3,142.72 1 0
github.com/johnsaigle/go-unmaintained/pkg/analyzer/analyzer.go:142.72,144.38 2 0
github.com/johnsaigle/go-unmaintained/pkg/analyzer/analyzer.go:144.38,146.5 1 0
github.com/johnsaigle/go-unmaintained/pkg/analyzer/analyzer.go:149.3,149.36 1 0
github.com/johnsaigle/go-unmaintained/pkg/analyzer/analyzer.go:152.2,152.21 1 0
github.com/johnsaigle/go-unmaintained/pkg/analyzer/analyzer.go:156.103,158.22 2 0
github.com/johnsaigle/go-unmaintained/pkg/analyzer/analyzer.go:158.22,160.3 1 0
github.com/johnsaigle/go-unmaintained/pkg/analyzer/analyzer.go:163.2,165.39 2 0
github.com/johnsaigle/go-unmaintained/pkg/analyzer/analyzer.go:165.39,167.24 2 0
github.com/johnsaigle/go-unmaintained/pkg/analyzer/analyzer.go:167.24,169.27 1 0
github.com/johnsaigle/go-unmaintained/pkg/analyzer/analyzer.go:169.27,171.17 2 0
github.com/johnsaigle/go-unmaintained/pkg/analyzer/analyzer.go:171.17,173.14 2 0
github.com/johnsaigle/go-unmaintained/pkg/analyzer/analyzer.go:178.3,178.26 1 0
github.com/johnsaigle/go-unmaintained/pkg/analyzer/analyzer.go:178.26,180.4 1 0
github.com/johnsaigle/go-unmaintained/pkg/analyzer/analyzer.go:180.9,182.4 1 0
github.com/johnsaigle/go-unmaintained/pkg/analyzer/analyzer.go:186.2,189.25 2 0
github.com/johnsaigle/go-unmaintained/pkg/analyzer/analyzer.go:189.25,191.3 1 0
github.com/johnsaigle/go-unmaintained/pkg/analyzer/analyzer.go:194.2,194.25 1 0
github.com/johnsaigle/go-unmaintained/pkg/analyzer/analyzer.go:194.25,196.3 1 0
github.com/johnsaigle/go-unmaintained/pkg/analyzer/analyzer.go:199.2,199.24 1 0
github.com/johnsaigle/go-unmaintained/pkg/analyzer/analyzer.go:199.24,201.3 1 0
github.com/johnsaigle/go-unmaintained/pkg/analyzer/analyzer.go:203.2,203.21 1 0
github.com/johnsaigle/go-unmaintained/pkg/analyzer/analyzer.go:207.113,208.20 1 0
github.com/johnsaigle/go-unmaintained/pkg/analyzer/analyzer.go:208.20,210.3 1 0
github.com/johnsaigle/go-unmaintained/pkg/analyzer/analyzer.go:212.2,221.28 4 0
github.com/johnsaigle/go-unmaintained/pkg/analyzer/analyzer.go:221.28,222.34 1 0
github.com/johnsaigle/go-unmaintained/pkg/analyzer/analyzer.go:222.34,225.17 2 0
github.com/johnsaigle/go-unmaintained/pkg/analyzer/analyzer.go:225.17,225.32 1 0
github.com/johnsaigle/go-unmaintained/pkg/analyzer/analyzer.go:227.4,228.18 2 0
github.com/johnsaigle/go-unmaintained/pkg/analyzer/analyzer.go:228.18,234.5 1 0
github.com/johnsaigle/go-unmaintained/pkg/analyzer/analyzer.go:236.4,236.73 1 0
github.com/johnsaigle/go-unmaintained/pkg/analyzer/analyzer.go:241.2,241.17 1 0
github.com/johnsaigle/go-unmaintained/pkg/analyzer/analyzer.go:241.17,244.3 2 0
github.com/johnsaigle/go-unmaintained/pkg/analyzer/analyzer.go:248.27,249.11 1 1
github.com/johnsaigle/go-unmaintained/pkg/analyzer/analyzer.go:249.11,251.3 1 1
github.com/johnsaigle/go-unmaintained/pkg/analyzer/analyzer.go:252.2,252.10 1 1
github.com/johnsaigle/go-unmaintained/pkg/analyzer/analyzer.go:256.98,264.24 2 0
github.com/johnsaigle/go-unmaintained/pkg/analyzer/analyzer.go:264.24,267.3 2 0
github.com/johnsaigle/go-unmaintained/pkg/analyzer/analyzer.go:270.2,270.53 1 0
github.com/johnsaigle/go-unmaintained/pkg/analyzer/analyzer.go:270.53,272.3 1 0
github.com/johnsaigle/go-unmaintained/pkg/analyzer/analyzer.go:275.2,276.25 2 0
github.com/johnsaigle/go-unmaintained/pkg/analyzer/analyzer.go:276.25,279.3 2 0
github.com/johnsaigle/go-unmaintained/pkg/analyzer/analyzer.go:283.2,283.26 1 0
github.com/johnsaigle/go-unmaintained/pkg/analyzer/analyzer.go:283.26,287.75 2 0
github.com/johnsaigle/go-unmaintained/pkg/analyzer/analyzer.go:287.75,290.18 2 0
github.com/johnsaigle/go-unmaintained/pkg/analyzer/analyzer.go:290.18,293.5 2 0
github.com/johnsaigle/go-unmaintained/pkg/analyzer/analyzer.go:295.4,298.24 3 0
github.com/johnsaigle/go-unmaintained/pkg/analyzer/analyzer.go:298.24,303.5 4 0
github.com/johnsaigle/go-unmaintained/pkg/analyzer/analyzer.go:305.4,305.27 1 0
github.com/johnsaigle/go-unmaintained/pkg/analyzer/analyzer.go:305.27,310.5 4 0
github.com/johnsaigle/go-unmaintained/pkg/analyzer/analyzer.go:313.4,313.53 1 0
github.com/johnsaigle/go-unmaintained/pkg/analyzer/analyzer.go:313.53,318.5 4 0
github.com/johnsaigle/go-unmaintained/pkg/analyzer/analyzer.go:321.4,323.22 3 0
github.com/johnsaigle/go-unmaintained/pkg/analyzer/analyzer.go:327.3,327.41 1 0
github.com/johnsaigle/go-unmaintained/pkg/analyzer/analyzer.go:327.41,331.4 3 0
github.com/johnsaigle/go-unmaintained/pkg/analyzer/analyzer.go:334.3,334.104 1 0
github.com/johnsaigle/go-unmaintained/pkg/analyzer/analyzer.go:334.104,337.18 2 0
github.com/johnsaigle/go-unmaintained/pkg/analyzer/analyzer.go:337.18,340.5 2 0
github.com/johnsaigle/go-unmaintained/pkg/analyzer/analyzer.go:342.4,345.24 3 0
github.com/johnsaigle/go-unmaintained/pkg/analyzer/analyzer.go:345.24,350.5 4 0
github.com/johnsaigle/go-unmaintained/pkg/analyzer/analyzer.go:352.4,355.27 3 0
github.com/johnsaigle/go-unmaintained/pkg/analyzer/analyzer.go:355.27,360.5 4 0
github.com/johnsaigle/go-unmaintained/pkg/analyzer/analyzer.go:363.4,363.53 1 0
github.com/johnsaigle/go-unmaintained/pkg/analyzer/analyzer.go:363.53,368.5 4 0
github.com/johnsaigle/go-unmaintained/pkg/analyzer/analyzer.go:371.4,373.22 3 0
github.com/johnsaigle/go-unmaintained/pkg/analyzer/analyzer.go:377.3,377.79 1 0
github.com/johnsaigle/go-unmaintained/pkg/analyzer/analyzer.go:377.79,379.23 2 0
github.com/johnsaigle/go-unmaintained/pkg/analyzer/analyzer.go:379.23,380.28 1 0
github.com/johnsaigle/go-unmaintained/pkg/analyzer/analyzer.go:381.32,383.119 2 0
github.com/johnsaigle/go-unmaintained/pkg/analyzer/analyzer.go:384.34,387.76 3 0
github.com/johnsaigle/go-unmaintained/pkg/analyzer/analyzer.go:388.37,390.109 2 0
github.com/johnsaigle/go-unmaintained/pkg/analyzer/analyzer.go:391.13,392.105 1 0
github.com/johnsaigle/go-unmaintained/pkg/analyzer/analyzer.go:394.10,396.5 1 0
github.com/johnsaigle/go-unmaintained/pkg/analyzer/analyzer.go:397.9,399.30 1 0
github.com/johnsaigle/go-unmaintained/pkg/analyzer/analyzer.go:399.30,402.5 1 0
github.com/johnsaigle/go-unmaintained/pkg/analyzer/analyzer.go:402.10,405.5 1 0
github.com/johnsaigle/go-unmaintained/pkg/analyzer/analyzer.go:409.3,409.21 1 0
github.com/johnsaigle/go-unmaintained/pkg/analyzer/analyzer.go:413.2,422.14 6 0
github.com/johnsaigle/go-unmaintained/pkg/analyzer/analyzer.go:422.14,425.23 3 0
github.com/johnsaigle/go-unmaintained/pkg/analyzer/analyzer.go:425.23,427.4 1 0
github.com/johnsaigle/go-unmaintained/pkg/analyzer/analyzer.go:428.8,432.17 3 0
github.com/johnsaigle/go-unmaintained/pkg/analyzer/analyzer.go:432.17,434.4 1 0
github.com/johnsaigle/go-unmaintained/pkg/analyzer/analyzer.go:437.3,437.72 1 0
github.com/johnsaigle/go-unmaintained/pkg/analyzer/analyzer.go:437.72,440.4 1 0
github.com/johnsaigle/go-unmaintained/pkg/analyzer/analyzer.go:443.3,443.113 1 0
github.com/johnsaigle/go-unmaintained/pkg/analyzer/analyzer.go:443.113,445.4 1 0
github.com/johnsaigle/go-unmaintained/pkg/analyzer/analyzer.go:448.2,453.22 4 0
github.com/johnsaigle/go-unmaintained/pkg/analyzer/analyzer.go:453.22,458.3 4 0
github.com/johnsaigle/go-unmaintained/pkg/analyzer/analyzer.go:460.2,460.25 1 0
github.com/johnsaigle/go-unmaintained/pkg/analyzer/analyzer.go:460.25,465.3 4 0
github.com/johnsaigle/go-unmaintained/pkg/analyzer/analyzer.go:468.2,468.51 1 0
github.com/johnsaigle/go-unmaintained/pkg/analyzer/analyzer.go:468.51,473.3 4 0
github.com/johnsaigle/go-unmaintained/pkg/analyzer/analyzer.go:476.2,476.51 1 0
github.com/johnsaigle/go-unmaintained/pkg/analyzer/analyzer.go:476.51,477.54 1 0
github.com/johnsaigle/go-unmaintained/pkg/analyzer/analyzer.go:477.54,482.4 4 0
github.com/johnsaigle/go-unmaintained/pkg/analyzer/analyzer.go:486.2,488.32 3 0
github.com/johnsaigle/go-unmaintained/pkg/analyzer/analyzer.go:488.32,490.3 1 0
github.com/johnsaigle/go-unmaintained/pkg/analyzer/analyzer.go:491.2,491.20 1 0
github.com/johnsaigle/go-unmaintained/pkg/analyzer/analyzer.go:495.67,496.35 1 1
github.com/johnsaigle/go-unmaintained/pkg/analyzer/analyzer.go:496.35,498.3 1 1
github.com/johnsaigle/go-unmaintained/pkg/analyzer/analyzer.go:501.2,501.38 1 1
github.com/johnsaigle/go-unmaintained/pkg/analyzer/analyzer.go:501.38,503.3 1 1
github.com/johnsaigle/go-unmaintained/pkg/analyzer/analyzer.go:504.2,504.37 1 1
github.com/johnsaigle/go-unmaintained/pkg/analyzer/analyzer.go:504.37,506.3 1 1
github.com/johnsaigle/go-unmaintained/pkg/analyzer/analyzer.go:509.2,509.57 1 1
github.com/johnsaigle/go-unmaintained/pkg/analyzer/analyzer.go:509.57,511.3 1 1
github.com/johnsaigle/go-unmaintained/pkg/analyzer/analyzer.go:514.2,514.44 1 1
github.com/johnsaigle/go-unmaintained/pkg/analyzer/analyzer.go:532.48,537.33 2 1
github.com/johnsaigle/go-unmaintained/pkg/analyzer/analyzer.go:537.33,538.28 1 1
github.com/johnsaigle/go-unmaintained/pkg/analyzer/analyzer.go:538.28,542.23 2 1
github.com/johnsaigle/go-unmaintained/pkg/analyzer/analyzer.go:542.23,544.5 1 1
github.com/johnsaigle/go-unmaintained/pkg/analyzer/analyzer.go:544.10,546.5 1 1
github.com/johnsaigle/go-unmaintained/pkg/analyzer/analyzer.go:548.4,548.25 1 1
github.com/johnsaigle/go-unmaintained/pkg/analyzer/analyzer.go:549.24,550.26 1 1
github.com/johnsaigle/go-unmaintained/pkg/analyzer/analyzer.go:551.24,552.26 1 1
github.com/johnsaigle/go-unmaintained/pkg/analyzer/analyzer.go:553.29,554.31 1 1
github.com/johnsaigle/go-unmaintained/pkg/analyzer/analyzer.go:555.24,556.26 1 1
github.com/johnsaigle/go-unmaintained/pkg/analyzer/analyzer.go:558.9,558.44 1 1
github.com/johnsaigle/go-unmaintained/pkg/analyzer/analyzer.go:558.44,561.4 1 1
github.com/johnsaigle/go-unmaintained/pkg/analyzer/analyzer.go:564.3,564.25 1 1
github.com/johnsaigle/go-unmaintained/pkg/analyzer/analyzer.go:564.25,566.4 1 1
github.com/johnsaigle/go-unmaintained/pkg/analyzer/analyzer.go:569.2,569.14 1 1
github.com/johnsaigle/go-unmaintained/pkg/analyzer/analyzer.go:573.55,574.9 1 1
github.com/johnsaigle/go-unmaintained/pkg/analyzer/analyzer.go:575.59,576.57 1 1
github.com/johnsaigle/go-unmaintained/pkg/analyzer/analyzer.go:577.58,578.52 1 1
github.com/johnsaigle/go-unmaintained/pkg/analyzer/analyzer.go:579.48,580.47 1 1
github.com/johnsaigle/go-unmaintained/pkg/analyzer/analyzer.go:581.53,582.51 1 1
github.com/johnsaigle/go-unmaintained/pkg/analyzer/analyzer.go:583.53,584.55 1 1
github.com/johnsaigle/go-unmaintained/pkg/analyzer/analyzer.go:585.10,586.37 1 1
github.com/johnsaigle/go-unmaintained/pkg/analyzer/analyzer.go:591.95,603.29 5 1
github.com/johnsaigle/go-unmaintained/pkg/analyzer/analyzer.go:603.29,605.3 1 1
github.com/johnsaigle/go-unmaintained/pkg/analyzer/analyzer.go:607.2,607.22 1 1
github.com/johnsaigle/go-unmaintained/pkg/analyzer/analyzer.go:608.30,611.73 3 1
github.com/johnsaigle/go-unmaintained/pkg/analyzer/analyzer.go:612.30,615.99 3 1
github.com/johnsaigle/go-unmaintained/pkg/analyzer/analyzer.go:616.30,619.71 3 1
github.com/johnsaigle/go-unmaintained/pkg/analyzer/analyzer.go:620.28,623.111 3 1
github.com/johnsaigle/go-unmaintained/pkg/analyzer/analyzer.go:626.2,626.15 1 1
github.com/johnsaigle/go-unmaintained/pkg/analyzer/analyzer.go:630.119,631.23 1 0
github.com/johnsaigle/go-unmaintained/pkg/analyzer/analyzer.go:631.23,633.3 1 0
github.com/johnsaigle/go-unmaintained/pkg/analyzer/analyzer.go:634.2,634.61 1 0
github.com/johnsaigle/go-unmaintained/pkg/cache/cache.go:36.70,37.14 1 1
github.com/johnsaigle/go-unmaintained/pkg/cache/cache.go:37.14,39.3 1 1
github.com/johnsaigle/go-unmaintained/pkg/cache/cache.go:41.2,41.19 1 1
github.com/johnsaigle/go-unmaintained/pkg/cache/cache.go:41.19,43.3 1 1
github.com/johnsaigle/go-unmaintained/pkg/cache/cache.go:46.2,47.16 2 1
github.com/johnsaigle/go-unmaintained/pkg/cache/cache.go:47.16,49.3 1 0
github.com/johnsaigle/go-unmaintained/pkg/cache/cache.go:52.2,52.52 1 1
github.com/johnsaigle/go-unmaintained/pkg/cache/cache.go:52.52,54.3 1 0
github.com/johnsaigle/go-unmaintained/pkg/cache/cache.go:56.2,60.8 1 1
github.com/johnsaigle/go-unmaintained/pkg/cache/cache.go:64.82,65.16 1 1
github.com/johnsaigle/go-unmaintained/pkg/cache/cache.go:65.16,67.3 1 1
github.com/johnsaigle/go-unmaintained/pkg/cache/cache.go:69.2,73.16 4 1
github.com/johnsaigle/go-unmaintained/pkg/cache/cache.go:73.16,75.3 1 1
github.com/johnsaigle/go-unmaintained/pkg/cache/cache.go:77.2,78.53 2 1
github.com/johnsaigle/go-unmaintained/pkg/cache/cache.go:78.53,81.3 1 0
github.com/johnsaigle/go-unmaintained/pkg/cache/cache.go:84.2,84.46 1 1
github.com/johnsaigle/go-unmaintained/pkg/cache/cache.go:84.46,88.3 2 0
github.com/johnsaigle/go-unmaintained/pkg/cache/cache.go:90.2,90.44 1 1
github.com/johnsaigle/go-unmaintained/pkg/cache/cache.go:94.104,95.16 1 1
github.com/johnsaigle/go-unmaintained/pkg/cache/cache.go:95.16,97.3 1 1
github.com/johnsaigle/go-unmaintained/pkg/cache/cache.go:99.2,106.16 3 1
github.com/johnsaigle/go-unmaintained/pkg/cache/cache.go:106.16,108.3 1 0
github.com/johnsaigle/go-unmaintained/pkg/cache/cache.go:110.2,113.59 3 1
github.com/johnsaigle/go-unmaintained/pkg/cache/cache.go:113.59,115.3 1 0
github.com/johnsaigle/go-unmaintained/pkg/cache/cache.go:117.2,117.12 1 1
github.com/johnsaigle/go-unmaintained/pkg/cache/cache.go:121.31,122.16 1 1
github.com/johnsaigle/go-unmaintained/pkg/cache/cache.go:122.16,124.3 1 1
github.com/johnsaigle/go-unmaintained/pkg/cache/cache.go:126.2,126.33 1 1
github.com/johnsaigle/go-unmaintained/pkg/cache/cache.go:130.38,131.16 1 1
github.com/johnsaigle/go-unmaintained/pkg/cache/cache.go:131.16,133.3 1 1
github.com/johnsaigle/go-unmaintained/pkg/cache/cache.go:135.2,136.16 2 0
github.com/johnsaigle/go-unmaintained/pkg/cache/cache.go:136.16,138.3 1 0
github.com/johnsaigle/go-unmaintained/pkg/cache/cache.go:140.2,140.32 1 0
github.com/johnsaigle/go-unmaintained/pkg/cache/cache.go:140.32,141.20 1 0
github.com/johnsaigle/go-unmaintained/pkg/cache/cache.go:141.20,142.12 1 0
github.com/johnsaigle/go-unmaintained/pkg/cache/cache.go:145.3,147.17 3 0
github.com/johnsaigle/go-unmaintained/pkg/cache/cache.go:147.17,148.12 1 0
github.com/johnsaigle/go-unmaintained/pkg/cache/cache.go:152.3,152.46 1 0
github.com/johnsaigle/go-unmaintained/pkg/cache/cache.go:152.46,154.4 1 0
github.com/johnsaigle/go-unmaintained/pkg/cache/cache.go:157.2,157.12 1 0
github.com/johnsaigle/go-unmaintained/pkg/cache/cache.go:161.36,163.63 1 1
github.com/johnsaigle/go-unmaintained/pkg/cache/cache.go:163.63,165.3 1 1
github.com/johnsaigle/go-unmaintained/pkg/cache/cache.go:168.2,169.16 2 0
github.com/johnsaigle/go-unmaintained/pkg/cache/cache.go:169.16,171.3 1 0
github.com/johnsaigle/go-unmaintained/pkg/cache/cache.go:174.2,174.55 1 0
github.com/johnsaigle/go-unmaintained/pkg/cache/cache.go:174.55,176.3 1 0
github.com/johnsaigle/go-unmaintained/pkg/cache/cache.go:179.2,179.60 1 0
github.com/johnsaigle/go-unmaintained/pkg/cache/cache.go:183.53,188.2 3 1
github.com/johnsaigle/go-unmaintained/pkg/cache/cache.go:191.41,192.16 1 1
github.com/johnsaigle/go-unmaintained/pkg/cache/cache.go:192.16,194.3 1 1
github.com/johnsaigle/go-unmaintained/pkg/cache/cache.go:196.2,197.16 2 1
github.com/johnsaigle/go-unmaintained/pkg/cache/cache.go:197.16,198.25 1 0
github.com/johnsaigle/go-unmaintained/pkg/cache/cache.go:198.25,200.4 1 0
github.com/johnsaigle/go-unmaintained/pkg/cache/cache.go:201.3,201.16 1 0
github.com/johnsaigle/go-unmaintained/pkg/cache/cache.go:204.2,205.32 2 1
github.com/johnsaigle/go-unmaintained/pkg/cache/cache.go:205.32,206.62 1 1
github.com/johnsaigle/go-unmaintained/pkg/cache/cache.go:206.62,208.4 1 1
github.com/johnsaigle/go-unmaintained/pkg/cache/cache.go:211.2,211.19 1 1
github.com/johnsaigle/go-unmaintained/pkg/popular/cache.go:19.13,22.27 2 1
github.com/johnsaigle/go-unmaintained/pkg/popular/cache.go:22.27,25.3 1 0
github.com/johnsaigle/go-unmaintained/pkg/popular/cache.go:27.2,27.62 1 1
github.com/johnsaigle/go-unmaintained/pkg/popular/cache.go:27.62,31.3 1 0
github.com/johnsaigle/go-unmaintained/pkg/popular/cache.go:34.2,35.25 2 1
github.com/johnsaigle/go-unmaintained/pkg/popular/cache.go:35.25,37.3 1 0
github.com/johnsaigle/go-unmaintained/pkg/popular/cache.go:39.2,41.3 1 1
github.com/johnsaigle/go-unmaintained/pkg/popular/cache.go:46.40,47.25 1 1
github.com/johnsaigle/go-unmaintained/pkg/popular/cache.go:47.25,49.3 1 0
github.com/johnsaigle/go-unmaintained/pkg/popular/cache.go:50.2,51.18 2 1
github.com/johnsaigle/go-unmaintained/pkg/popular/cache.go:55.17,56.25 1 1
github.com/johnsaigle/go-unmaintained/pkg/popular/cache.go:56.25,58.3 1 0
github.com/johnsaigle/go-unmaintained/pkg/popular/cache.go:59.2,59.32 1 1
github.com/johnsaigle/go-unmaintained/pkg/popular/cache.go:63.22,65.2 1 1
github.com/johnsaigle/go-unmaintained/pkg/popular/cache.go:68.21,69.17 1 1
github.com/johnsaigle/go-unmaintained/pkg/popular/cache.go:69.17,71.3 1 0
github.com/johnsaigle/go-unmaintained/pkg/popular/cache.go:72.2,72.58 1 1
github.com/johnsaigle/go-unmaintained/pkg/popular/types.go:26.39,30.2 1 1
github.com/johnsaigle/go-unmaintained/pkg/popular/types.go:33.39,35.2 1 1
github.com/johnsaigle/go-unmaintained/pkg/popular/types.go:38.43,40.2 1 1
github.com/johnsaigle/go-unmaintained/pkg/github/client.go:35.47,36.17 1 0
github.com/johnsaigle/go-unmaintained/pkg/github/client.go:36.17,38.3 1 0
github.com/johnsaigle/go-unmaintained/pkg/github/client.go:40.2,54.50 6 0
github.com/johnsaigle/go-unmaintained/pkg/github/client.go:54.50,56.3 1 0
github.com/johnsaigle/go-unmaintained/pkg/github/client.go:58.2,58.20 1 0
github.com/johnsaigle/go-unmaintained/pkg/github/client.go:62.59,63.21 1 0
github.com/johnsaigle/go-unmaintained/pkg/github/client.go:63.21,65.3 1 0
github.com/johnsaigle/go-unmaintained/pkg/github/client.go:70.2,71.16 2 0
github.com/johnsaigle/go-unmaintained/pkg/github/client.go:71.16,72.18 1 0
github.com/johnsaigle/go-unmaintained/pkg/github/client.go:72.18,73.27 1 0
github.com/johnsaigle/go-unmaintained/pkg/github/client.go:74.13,75.57 1 0
github.com/johnsaigle/go-unmaintained/pkg/github/client.go:76.13,77.56 1 0
github.com/johnsaigle/go-unmaintained/pkg/github/client.go:77.56,79.6 1 0
github.com/johnsaigle/go-unmaintained/pkg/github/client.go:80.5,80.96 1 0
github.com/johnsaigle/go-unmaintained/pkg/github/client.go:81.13,84.15 1 0
github.com/johnsaigle/go-unmaintained/pkg/github/client.go:91.2,91.12 1 0
github.com/johnsaigle/go-unmaintained/pkg/github/client.go:95.96,96.21 1 0
github.com/johnsaigle/go-unmaintained/pkg/github/client.go:96.21,98.3 1 0
github.com/johnsaigle/go-unmaintained/pkg/github/client.go:100.2,100.31 1 0
github.com/johnsaigle/go-unmaintained/pkg/github/client.go:100.31,102.3 1 0
github.com/johnsaigle/go-unmaintained/pkg/github/client.go:105.2,106.16 2 0
github.com/johnsaigle/go-unmaintained/pkg/github/client.go:106.16,108.18 1 0
github.com/johnsaigle/go-unmaintained/pkg/github/client.go:108.18,109.27 1 0
github.com/johnsaigle/go-unmaintained/pkg/github/client.go:110.13,111.41 1 0
github.com/johnsaigle/go-unmaintained/pkg/github/client.go:112.13,114.56 1 0
github.com/johnsaigle/go-unmaintained/pkg/github/client.go:114.56,117.6 2 0
github.com/johnsaigle/go-unmaintained/pkg/github/client.go:118.5,118.67 1 0
github.com/johnsaigle/go-unmaintained/pkg/github/client.go:119.13,120.91 1 0
github.com/johnsaigle/go-unmaintained/pkg/github/client.go:123.3,123.64 1 0
github.com/johnsaigle/go-unmaintained/pkg/github/client.go:126.2,126.23 1 0
github.com/johnsaigle/go-unmaintained/pkg/github/client.go:126.23,128.3 1 0
github.com/johnsaigle/go-unmaintained/pkg/github/client.go:130.2,144.16 3 0
github.com/johnsaigle/go-unmaintained/pkg/github/client.go:144.16,148.3 1 0
github.com/johnsaigle/go-unmaintained/pkg/github/client.go:148.8,148.29 1 0
github.com/johnsaigle/go-unmaintained/pkg/github/client.go:148.29,151.3 2 0
github.com/johnsaigle/go-unmaintained/pkg/github/client.go:153.2,153.18 1 0
github.com/johnsaigle/go-unmaintained/pkg/github/client.go:157.69,158.18 1 1
github.com/johnsaigle/go-unmaintained/pkg/github/client.go:158.18,160.3 1 1
github.com/johnsaigle/go-unmaintained/pkg/github/client.go:163.2,164.73 2 1
github.com/johnsaigle/go-unmaintained/pkg/github/client.go:164.73,166.3 1 1
github.com/johnsaigle/go-unmaintained/pkg/github/client.go:168.2,168.45 1 1
github.com/johnsaigle/go-unmaintained/pkg/github/client.go:172.51,173.18 1 1
github.com/johnsaigle/go-unmaintained/pkg/github/client.go:173.18,175.3 1 1
github.com/johnsaigle/go-unmaintained/pkg/github/client.go:177.2,178.73 2 1
github.com/johnsaigle/go-unmaintained/pkg/github/client.go:178.73,180.3 1 1
github.com/johnsaigle/go-unmaintained/pkg/github/client.go:182.2,182.53 1 1
github.com/johnsaigle/go-unmaintained/pkg/github/client.go:186.92,187.21 1 0
github.com/johnsaigle/go-unmaintained/pkg/github/client.go:187.21,189.3 1 0
github.com/johnsaigle/go-unmaintained/pkg/github/client.go:191.2,191.31 1 0
github.com/johnsaigle/go-unmaintained/pkg/github/client.go:191.31,193.3 1 0
github.com/johnsaigle/go-unmaintained/pkg/github/client.go:196.2,199.16 2 0
github.com/johnsaigle/go-unmaintained/pkg/github/client.go:199.16,200.18 1 0
github.com/johnsaigle/go-unmaintained/pkg/github/client.go:200.18,201.27 1 0
github.com/johnsaigle/go-unmaintained/pkg/github/client.go:202.13,203.50 1 0
github.com/johnsaigle/go-unmaintained/pkg/github/client.go:204.13,205.56 1 0
github.com/johnsaigle/go-unmaintained/pkg/github/client.go:205.56,208.6 2 0
github.com/johnsaigle/go-unmaintained/pkg/github/client.go:209.5,209.66 1 0
github.com/johnsaigle/go-unmaintained/pkg/github/client.go:210.13,211.71 1 0
github.com/johnsaigle/go-unmaintained/pkg/github/client.go:214.3,214.68 1 0
github.com/johnsaigle/go-unmaintained/pkg/github/client.go:217.2,217.20 1 0
github.com/johnsaigle/go-unmaintained/pkg/github/client.go:217.20,219.3 1 0
github.com/johnsaigle/go-unmaintained/pkg/github/client.go:222.2,223.27 2 0
github.com/johnsaigle/go-unmaintained/pkg/github/client.go:223.27,227.36 3 0
github.com/johnsaigle/go-unmaintained/pkg/github/client.go:227.36,229.4 1 0
github.com/johnsaigle/go-unmaintained/pkg/github/client.go:232.2,232.29 1 0
github.com/johnsaigle/go-unmaintained/pkg/github/client.go:232.29,235.3 1 0
github.com/johnsaigle/go-unmaintained/pkg/github/client.go:238.2,238.48 1 0
github.com/johnsaigle/go-unmaintained/pkg/github/client.go:238.48,240.3 1 0
github.com/johnsaigle/go-unmaintained/pkg/github/client.go:242.2,242.30 1 0
github.com/johnsaigle/go-unmaintained/pkg/formatter/console.go:19.112,25.33 4 1
github.com/johnsaigle/go-unmaintained/pkg/formatter/console.go:25.33,26.28 1 1
github.com/johnsaigle/go-unmaintained/pkg/formatter/console.go:26.28,28.4 1 1
github.com/johnsaigle/go-unmaintained/pkg/formatter/console.go:28.9,28.53 1 1
github.com/johnsaigle/go-unmaintained/pkg/formatter/console.go:28.53,31.4 1 0
github.com/johnsaigle/go-unmaintained/pkg/formatter/console.go:31.9,34.4 1 1
github.com/johnsaigle/go-unmaintained/pkg/formatter/console.go:38.2,38.47 1 1
github.com/johnsaigle/go-unmaintained/pkg/formatter/console.go:38.47,43.23 3 1
github.com/johnsaigle/go-unmaintained/pkg/formatter/console.go:43.23,45.4 1 0
github.com/johnsaigle/go-unmaintained/pkg/formatter/console.go:47.3,47.25 1 1
github.com/johnsaigle/go-unmaintained/pkg/formatter/console.go:50.2,55.27 3 1
github.com/johnsaigle/go-unmaintained/pkg/formatter/console.go:55.27,58.39 3 1
github.com/johnsaigle/go-unmaintained/pkg/formatter/console.go:58.39,61.23 2 1
github.com/johnsaigle/go-unmaintained/pkg/formatter/console.go:61.23,63.5 1 1
github.com/johnsaigle/go-unmaintained/pkg/formatter/console.go:65.4,68.26 2 1
github.com/johnsaigle/go-unmaintained/pkg/formatter/console.go:68.26,70.38 2 0
github.com/johnsaigle/go-unmaintained/pkg/formatter/console.go:70.38,72.6 1 0
github.com/johnsaigle/go-unmaintained/pkg/formatter/console.go:76.4,76.50 1 1
github.com/johnsaigle/go-unmaintained/pkg/formatter/console.go:76.50,78.5 1 1
github.com/johnsaigle/go-unmaintained/pkg/formatter/console.go:81.4,81.30 1 1
github.com/johnsaigle/go-unmaintained/pkg/formatter/console.go:81.30,82.44 1 1
github.com/johnsaigle/go-unmaintained/pkg/formatter/console.go:82.44,85.6 2 0
github.com/johnsaigle/go-unmaintained/pkg/formatter/console.go:85.11,85.42 1 1
github.com/johnsaigle/go-unmaintained/pkg/formatter/console.go:85.42,88.6 1 1
github.com/johnsaigle/go-unmaintained/pkg/formatter/console.go:91.5,91.35 1 1
github.com/johnsaigle/go-unmaintained/pkg/formatter/console.go:91.35,93.6 1 1
github.com/johnsaigle/go-unmaintained/pkg/formatter/console.go:97.4,97.78 1 1
github.com/johnsaigle/go-unmaintained/pkg/formatter/console.go:97.78,99.5 1 1
github.com/johnsaigle/go-unmaintained/pkg/formatter/console.go:101.4,101.23 1 1
github.com/johnsaigle/go-unmaintained/pkg/formatter/console.go:101.23,102.10 1 1
github.com/johnsaigle/go-unmaintained/pkg/formatter/console.go:108.2,108.22 1 1
github.com/johnsaigle/go-unmaintained/pkg/formatter/console.go:108.22,111.34 3 0
github.com/johnsaigle/go-unmaintained/pkg/formatter/console.go:111.34,113.4 1 0
github.com/johnsaigle/go-unmaintained/pkg/formatter/console.go:117.2,117.43 1 1
github.com/johnsaigle/go-unmaintained/pkg/formatter/console.go:117.43,120.37 3 1
github.com/johnsaigle/go-unmaintained/pkg/formatter/console.go:120.37,123.23 2 1
github.com/johnsaigle/go-unmaintained/pkg/formatter/console.go:123.23,125.5 1 1
github.com/johnsaigle/go-unmaintained/pkg/formatter/console.go:127.4,130.26 2 1
github.com/johnsaigle/go-unmaintained/pkg/formatter/console.go:130.26,132.38 2 0
github.com/johnsaigle/go-unmaintained/pkg/formatter/console.go:132.38,134.6 1 0
github.com/johnsaigle/go-unmaintained/pkg/formatter/console.go:138.4,138.50 1 1
github.com/johnsaigle/go-unmaintained/pkg/formatter/console.go:138.50,140.5 1 1
github.com/johnsaigle/go-unmaintained/pkg/formatter/console.go:145.2,151.35 5 1
github.com/johnsaigle/go-unmaintained/pkg/formatter/console.go:151.35,153.73 2 1
github.com/johnsaigle/go-unmaintained/pkg/formatter/console.go:153.73,155.4 1 1
github.com/johnsaigle/go-unmaintained/pkg/formatter/console.go:156.3,158.32 2 1
github.com/johnsaigle/go-unmaintained/pkg/formatter/console.go:158.32,160.4 1 1
github.com/johnsaigle/go-unmaintained/pkg/formatter/console.go:161.3,161.32 1 1
github.com/johnsaigle/go-unmaintained/pkg/formatter/console.go:161.32,163.4 1 0
github.com/johnsaigle/go-unmaintained/pkg/formatter/console.go:164.3,164.37 1 1
github.com/johnsaigle/go-unmaintained/pkg/formatter/console.go:164.37,166.4 1 1
github.com/johnsaigle/go-unmaintained/pkg/formatter/console.go:167.3,167.32 1 1
github.com/johnsaigle/go-unmaintained/pkg/formatter/console.go:167.32,169.4 1 0
github.com/johnsaigle/go-unmaintained/pkg/formatter/console.go:170.3,170.18 1 1
github.com/johnsaigle/go-unmaintained/pkg/formatter/console.go:173.2,173.30 1 1
github.com/johnsaigle/go-unmaintained/pkg/formatter/console.go:173.30,176.3 2 0
github.com/johnsaigle/go-unmaintained/pkg/formatter/console.go:178.2,178.32 1 1
github.com/johnsaigle/go-unmaintained/pkg/formatter/console.go:178.32,181.3 2 0
github.com/johnsaigle/go-unmaintained/pkg/formatter/console.go:183.2,184.25 2 1
github.com/johnsaigle/go-unmaintained/pkg/formatter/console.go:184.25,187.3 2 1
github.com/johnsaigle/go-unmaintained/pkg/formatter/console.go:189.2,189.12 1 1
github.com/johnsaigle/go-unmaintained/pkg/formatter/console.go:193.70,195.2 1 0
github.com/johnsaigle/go-unmaintained/pkg/formatter/console.go:198.51,212.23 2 1
github.com/johnsaigle/go-unmaintained/pkg/formatter/console.go:213.31,214.16 1 1
github.com/johnsaigle/go-unmaintained/pkg/formatter/console.go:215.31,216.17 1 1
github.com/johnsaigle/go-unmaintained/pkg/formatter/console.go:217.36,218.17 1 1
github.com/johnsaigle/go-unmaintained/pkg/formatter/console.go:219.31,220.17 1 1
github.com/johnsaigle/go-unmaintained/pkg/formatter/console.go:221.10,222.17 1 0
github.com/johnsaigle/go-unmaintained/pkg/formatter/console.go:226.2,226.22 1 1
github.com/johnsaigle/go-unmaintained/pkg/formatter/console.go:226.22,228.3 1 1
github.com/johnsaigle/go-unmaintained/pkg/formatter/console.go:230.2,230.18 1 1
github.com/johnsaigle/go-unmaintained/pkg/formatter/formatter.go:30.58,31.16 1 1
github.com/johnsaigle/go-unmaintained/pkg/formatter/formatter.go:32.21,33.44 1 1
github.com/johnsaigle/go-unmaintained/pkg/formatter/formatter.go:34.14,35.41 1 1
github.com/johnsaigle/go-unmaintained/pkg/formatter/formatter.go:36.24,37.50 1 1
github.com/johnsaigle/go-unmaintained/pkg/formatter/formatter.go:38.23,39.49 1 1
github.com/johnsaigle/go-unmaintained/pkg/formatter/formatter.go:40.10,41.55 1 1
github.com/johnsaigle/go-unmaintained/pkg/formatter/formatter.go:47.72,48.16 1 1
github.com/johnsaigle/go-unmaintained/pkg/formatter/formatter.go:48.16,50.3 1 1
github.com/johnsaigle/go-unmaintained/pkg/formatter/formatter.go:52.2,52.33 1 1
github.com/johnsaigle/go-unmaintained/pkg/formatter/formatter.go:52.33,53.28 1 1
github.com/johnsaigle/go-unmaintained/pkg/formatter/formatter.go:53.28,55.4 1 1
github.com/johnsaigle/go-unmaintained/pkg/formatter/formatter.go:58.2,58.10 1 1
github.com/johnsaigle/go-unmaintained/pkg/formatter/formatter.go:62.54,64.57 1 1
github.com/johnsaigle/go-unmaintained/pkg/formatter/formatter.go:64.57,66.3 1 1
github.com/johnsaigle/go-unmaintained/pkg/formatter/formatter.go:69.2,78.29 2 1
github.com/johnsaigle/go-unmaintained/pkg/formatter/formatter.go:78.29,79.53 1 1
github.com/johnsaigle/go-unmaintained/pkg/formatter/formatter.go:79.53,81.23 2 1
github.com/johnsaigle/go-unmaintained/pkg/formatter/formatter.go:81.23,83.5 1 1
github.com/johnsaigle/go-unmaintained/pkg/formatter/formatter.go:87.2,87.11 1 1
github.com/johnsaigle/go-unmaintained/pkg/formatter/github.go:18.118,19.33 1 1
github.com/johnsaigle/go-unmaintained/pkg/formatter/github.go:19.33,20.29 1 1
github.com/johnsaigle/go-unmaintained/pkg/formatter/github.go:20.29,21.12 1 1
github.com/johnsaigle/go-unmaintained/pkg/formatter/github.go:24.3,25.22 2 1
github.com/johnsaigle/go-unmaintained/pkg/formatter/github.go:25.22,27.4 1 1
github.com/johnsaigle/go-unmaintained/pkg/formatter/github.go:30.3,31.52 2 1
github.com/johnsaigle/go-unmaintained/pkg/formatter/github.go:31.52,33.4 1 1
github.com/johnsaigle/go-unmaintained/pkg/formatter/github.go:36.3,40.16 3 1
github.com/johnsaigle/go-unmaintained/pkg/formatter/github.go:40.16,42.4 1 1
github.com/johnsaigle/go-unmaintained/pkg/formatter/github.go:46.3,49.57 2 1
github.com/johnsaigle/go-unmaintained/pkg/formatter/github.go:49.57,52.4 2 1
github.com/johnsaigle/go-unmaintained/pkg/formatter/github.go:56.2,56.35 1 1
github.com/johnsaigle/go-unmaintained/pkg/formatter/github.go:56.35,59.3 1 1
github.com/johnsaigle/go-unmaintained/pkg/formatter/github.go:59.8,61.3 1 0
github.com/johnsaigle/go-unmaintained/pkg/formatter/github.go:63.2,63.12 1 1
github.com/johnsaigle/go-unmaintained/pkg/formatter/github.go:67.76,69.2 1 0
github.com/johnsaigle/go-unmaintained/pkg/formatter/golangci.go:17.117,18.33 1 1
github.com/johnsaigle/go-unmaintained/pkg/formatter/golangci.go:18.33,19.29 1 1
github.com/johnsaigle/go-unmaintained/pkg/formatter/golangci.go:19.29,20.12 1 1
github.com/johnsaigle/go-unmaintained/pkg/formatter/golangci.go:24.3,27.22 3 1
github.com/johnsaigle/go-unmaintained/pkg/formatter/golangci.go:27.22,28.9 1 0
github.com/johnsaigle/go-unmaintained/pkg/formatter/golangci.go:31.2,31.12 1 1
github.com/johnsaigle/go-unmaintained/pkg/formatter/golangci.go:35.78,39.23 2 1
github.com/johnsaigle/go-unmaintained/pkg/formatter/golangci.go:40.31,41.34 1 1
github.com/johnsaigle/go-unmaintained/pkg/formatter/golangci.go:42.31,43.36 1 0
github.com/johnsaigle/go-unmaintained/pkg/formatter/golangci.go:44.36,45.83 1 1
github.com/johnsaigle/go-unmaintained/pkg/formatter/golangci.go:46.31,47.105 1 0
github.com/johnsaigle/go-unmaintained/pkg/formatter/golangci.go:48.10,49.24 1 0
github.com/johnsaigle/go-unmaintained/pkg/formatter/golangci.go:52.2,52.18 1 1
github.com/johnsaigle/go-unmaintained/pkg/formatter/golangci.go:57.75,60.2 1 1
github.com/johnsaigle/go-unmaintained/pkg/formatter/json.go:48.109,51.33 2 1
github.com/johnsaigle/go-unmaintained/pkg/formatter/json.go:51.33,65.29 2 1
github.com/johnsaigle/go-unmaintained/pkg/formatter/json.go:65.29,74.43 2 1
github.com/johnsaigle/go-unmaintained/pkg/formatter/json.go:74.43,76.5 1 0
github.com/johnsaigle/go-unmaintained/pkg/formatter/json.go:78.4,78.34 1 1
github.com/johnsaigle/go-unmaintained/pkg/formatter/json.go:81.3,81.30 1 1
github.com/johnsaigle/go-unmaintained/pkg/formatter/json.go:84.2,93.31 4 1
github.com/johnsaigle/go-unmaintained/pkg/formatter/json.go:97.67,99.2 1 0
github.com/johnsaigle/go-unmaintained/pkg/parser/parser.go:40.54,44.16 3 1
github.com/johnsaigle/go-unmaintained/pkg/parser/parser.go:44.16,46.3 1 1
github.com/johnsaigle/go-unmaintained/pkg/parser/parser.go:48.2,49.16 2 1
github.com/johnsaigle/go-unmaintained/pkg/parser/parser.go:49.16,51.3 1 1
github.com/johnsaigle/go-unmaintained/pkg/parser/parser.go:53.2,60.38 2 1
github.com/johnsaigle/go-unmaintained/pkg/parser/parser.go:60.38,68.3 2 1
github.com/johnsaigle/go-unmaintained/pkg/parser/parser.go:71.2,71.42 1 1
github.com/johnsaigle/go-unmaintained/pkg/parser/parser.go:71.42,80.40 3 1
github.com/johnsaigle/go-unmaintained/pkg/parser/parser.go:80.40,81.36 1 1
github.com/johnsaigle/go-unmaintained/pkg/parser/parser.go:81.36,83.10 2 1
github.com/johnsaigle/go-unmaintained/pkg/parser/parser.go:88.2,88.17 1 1
github.com/johnsaigle/go-unmaintained/pkg/parser/parser.go:92.42,94.2 1 1
github.com/johnsaigle/go-unmaintained/pkg/parser/parser.go:107.47,110.30 2 1
github.com/johnsaigle/go-unmaintained/pkg/parser/parser.go:110.30,112.3 1 1
github.com/johnsaigle/go-unmaintained/pkg/parser/parser.go:114.2,115.20 2 1
github.com/johnsaigle/go-unmaintained/pkg/parser/parser.go:115.20,117.3 1 0
github.com/johnsaigle/go-unmaintained/pkg/parser/parser.go:119.2,123.19 3 1
github.com/johnsaigle/go-unmaintained/pkg/parser/parser.go:124.20,127.22 3 1
github.com/johnsaigle/go-unmaintained/pkg/parser/parser.go:127.22,130.4 2 1
github.com/johnsaigle/go-unmaintained/pkg/parser/parser.go:131.37,133.22 2 1
github.com/johnsaigle/go-unmaintained/pkg/parser/parser.go:133.22,136.4 2 1
github.com/johnsaigle/go-unmaintained/pkg/parser/parser.go:137.10,139.32 1 1
github.com/johnsaigle/go-unmaintained/pkg/parser/parser.go:139.32,141.4 1 1
github.com/johnsaigle/go-unmaintained/pkg/parser/parser.go:144.3,144.22 1 1
github.com/johnsaigle/go-unmaintained/pkg/parser/parser.go:144.22,147.4 2 1
github.com/johnsaigle/go-unmaintained/pkg/parser/parser.go:150.2,150.13 1 1
github.com/johnsaigle/go-unmaintained/pkg/parser/parser.go:154.44,166.43 2 1
github.com/johnsaigle/go-unmaintained/pkg/parser/parser.go:166.43,167.38 1 1
github.com/johnsaigle/go-unmaintained/pkg/parser/parser.go:167.38,169.4 1 1
github.com/johnsaigle/go-unmaintained/pkg/parser/parser.go:172.2,172.14 1 1
github.com/johnsaigle/go-unmaintained/pkg/parser/parser.go:176.42,186.41 2 1
github.com/johnsaigle/go-unmaintained/pkg/parser/parser.go:186.41,187.38 1 1
github.com/johnsaigle/go-unmaintained/pkg/parser/parser.go:187.38,189.4 1 1
github.com/johnsaigle/go-unmaintained/pkg/parser/parser.go:192.2,192.14 1 1
github.com/johnsaigle/go-unmaintained/pkg/parser/parser.go:196.66,197.46 1 1
github.com/johnsaigle/go-unmaintained/pkg/parser/parser.go:197.46,200.53 2 1
github.com/johnsaigle/go-unmaintained/pkg/parser/parser.go:200.53,202.4 1 1
github.com/johnsaigle/go-unmaintained/pkg/parser/parser.go:203.3,203.34 1 1
github.com/johnsaigle/go-unmaintained/pkg/parser/parser.go:205.2,205.22 1 1
github.com/johnsaigle/go-unmaintained/pkg/parser/parser.go:209.96,214.16 4 0
github.com/johnsaigle/go-unmaintained/pkg/parser/parser.go:214.16,216.3 1 0
github.com/johnsaigle/go-unmaintained/pkg/parser/parser.go:218.2,219.21 2 0
github.com/johnsaigle/go-unmaintained/pkg/parser/parser.go:219.21,221.3 1 0
github.com/johnsaigle/go-unmaintained/pkg/parser/parser.go:231.2,232.29 2 0
github.com/johnsaigle/go-unmaintained/pkg/parser/parser.go:232.29,234.17 2 0
github.com/johnsaigle/go-unmaintained/pkg/parser/parser.go:234.17,235.12 1 0
github.com/johnsaigle/go-unmaintained/pkg/parser/parser.go:238.3,238.35 1 0
github.com/johnsaigle/go-unmaintained/pkg/parser/parser.go:238.35,239.12 1 0
github.com/johnsaigle/go-unmaintained/pkg/parser/parser.go:242.3,242.46 1 0
github.com/johnsaigle/go-unmaintained/pkg/parser/parser.go:242.46,243.12 1 0
github.com/johnsaigle/go-unmaintained/pkg/parser/parser.go:245.3,247.51 2 0
github.com/johnsaigle/go-unmaintained/pkg/parser/parser.go:247.51,248.9 1 0
github.com/johnsaigle/go-unmaintained/pkg/parser/parser.go:252.2,252.18 1 0
github.com/johnsaigle/go-unmaintained/pkg/parser/parser.go:256.79,258.19 2 1
github.com/johnsaigle/go-unmaintained/pkg/parser/parser.go:258.19,260.3 1 0
github.com/johnsaigle/go-unmaintained/pkg/parser/parser.go:261.2,261.46 1 1
github.com/johnsaigle/go-unmaintained/pkg/resolver/resolver.go:42.51,43.18 1 1
github.com/johnsaigle/go-unmaintained/pkg/resolver/resolver.go:43.18,45.3 1 1
github.com/johnsaigle/go-unmaintained/pkg/resolver/resolver.go:47.2,50.70 1 1
github.com/johnsaigle/go-unmaintained/pkg/resolver/resolver.go:50.70,53.5 1 0
github.com/johnsaigle/go-unmaintained/pkg/resolver/resolver.go:60.90,67.25 3 0
github.com/johnsaigle/go-unmaintained/pkg/resolver/resolver.go:67.25,71.3 3 0
github.com/johnsaigle/go-unmaintained/pkg/resolver/resolver.go:73.2,76.70 2 0
github.com/johnsaigle/go-unmaintained/pkg/resolver/resolver.go:76.70,78.3 1 0
github.com/johnsaigle/go-unmaintained/pkg/resolver/resolver.go:80.2,80.66 1 0
github.com/johnsaigle/go-unmaintained/pkg/resolver/resolver.go:80.66,82.3 1 0
github.com/johnsaigle/go-unmaintained/pkg/resolver/resolver.go:84.2,84.81 1 0
github.com/johnsaigle/go-unmaintained/pkg/resolver/resolver.go:84.81,86.3 1 0
github.com/johnsaigle/go-unmaintained/pkg/resolver/resolver.go:89.2,90.15 2 0
github.com/johnsaigle/go-unmaintained/pkg/resolver/resolver.go:94.93,99.16 3 0
github.com/johnsaigle/go-unmaintained/pkg/resolver/resolver.go:99.16,101.3 1 0
github.com/johnsaigle/go-unmaintained/pkg/resolver/resolver.go:103.2,104.16 2 0
github.com/johnsaigle/go-unmaintained/pkg/resolver/resolver.go:104.16,106.3 1 0
github.com/johnsaigle/go-unmaintained/pkg/resolver/resolver.go:107.2,116.25 3 0
github.com/johnsaigle/go-unmaintained/pkg/resolver/resolver.go:117.21,119.50 2 0
github.com/johnsaigle/go-unmaintained/pkg/resolver/resolver.go:120.44,122.50 2 0
github.com/johnsaigle/go-unmaintained/pkg/resolver/resolver.go:123.10,125.86 2 0
github.com/johnsaigle/go-unmaintained/pkg/resolver/resolver.go:128.2,128.15 1 0
github.com/johnsaigle/go-unmaintained/pkg/resolver/resolver.go:132.89,136.33 2 0
github.com/johnsaigle/go-unmaintained/pkg/resolver/resolver.go:136.33,140.17 3 0
github.com/johnsaigle/go-unmaintained/pkg/resolver/resolver.go:140.17,141.12 1 0
github.com/johnsaigle/go-unmaintained/pkg/resolver/resolver.go:144.3,145.17 2 0
github.com/johnsaigle/go-unmaintained/pkg/resolver/resolver.go:145.17,146.12 1 0
github.com/johnsaigle/go-unmaintained/pkg/resolver/resolver.go:148.3,157.26 3 0
github.com/johnsaigle/go-unmaintained/pkg/resolver/resolver.go:158.22,161.17 3 0
github.com/johnsaigle/go-unmaintained/pkg/resolver/resolver.go:162.114,163.63 1 0
github.com/johnsaigle/go-unmaintained/pkg/resolver/resolver.go:163.63,168.5 4 0
github.com/johnsaigle/go-unmaintained/pkg/resolver/resolver.go:169.45,172.17 3 0
github.com/johnsaigle/go-unmaintained/pkg/resolver/resolver.go:176.2,176.12 1 0
github.com/johnsaigle/go-unmaintained/pkg/resolver/resolver.go:180.107,188.9 2 1
github.com/johnsaigle/go-unmaintained/pkg/resolver/resolver.go:189.54,193.50 4 1
github.com/johnsaigle/go-unmaintained/pkg/resolver/resolver.go:195.59,198.39 3 1
github.com/johnsaigle/go-unmaintained/pkg/resolver/resolver.go:200.58,203.42 3 1
github.com/johnsaigle/go-unmaintained/pkg/resolver/resolver.go:205.53,208.37 3 1
github.com/johnsaigle/go-unmaintained/pkg/resolver/resolver.go:210.50,213.38 3 1
github.com/johnsaigle/go-unmaintained/pkg/resolver/resolver.go:215.95,218.40 3 1
github.com/johnsaigle/go-unmaintained/pkg/resolver/resolver.go:220.10,222.54 1 0
github.com/johnsaigle/go-unmaintained/pkg/resolver/resolver.go:222.54,224.4 1 0
github.com/johnsaigle/go-unmaintained/pkg/resolver/resolver.go:224.9,226.4 1 0
github.com/johnsaigle/go-unmaintained/pkg/resolver/resolver.go:229.2,229.15 1 1
github.com/johnsaigle/go-unmaintained/pkg/resolver/resolver.go:233.64,272.45 2 1
github.com/johnsaigle/go-unmaintained/pkg/resolver/resolver.go:272.45,273.44 1 1
github.com/johnsaigle/go-unmaintained/pkg/resolver/resolver.go:273.44,277.4 3 1
github.com/johnsaigle/go-unmaintained/pkg/resolver/resolver.go:280.2,280.12 1 1
github.com/johnsaigle/go-unmaintained/pkg/resolver/retraction.go:31.110,41.16 4 0
github.com/johnsaigle/go-unmaintained/pkg/resolver/retraction.go:41.16,43.3 1 0
github.com/johnsaigle/go-unmaintained/pkg/resolver/retraction.go:45.2,46.16 2 0
github.com/johnsaigle/go-unmaintained/pkg/resolver/retraction.go:46.16,48.3 1 0
github.com/johnsaigle/go-unmaintained/pkg/resolver/retraction.go:49.2,51.38 2 0
github.com/johnsaigle/go-unmaintained/pkg/resolver/retraction.go:51.38,54.3 1 0
github.com/johnsaigle/go-unmaintained/pkg/resolver/retraction.go:57.2,58.16 2 0
github.com/johnsaigle/go-unmaintained/pkg/resolver/retraction.go:58.16,60.3 1 0
github.com/johnsaigle/go-unmaintained/pkg/resolver/retraction.go:64.2,66.22 3 0
github.com/johnsaigle/go-unmaintained/pkg/resolver/retraction.go:66.22,68.3 1 0
github.com/johnsaigle/go-unmaintained/pkg/resolver/retraction.go:70.2,77.16 4 0
github.com/johnsaigle/go-unmaintained/pkg/resolver/retraction.go:77.16,79.3 1 0
github.com/johnsaigle/go-unmaintained/pkg/resolver/retraction.go:81.2,82.16 2 0
github.com/johnsaigle/go-unmaintained/pkg/resolver/retraction.go:82.16,84.3 1 0
github.com/johnsaigle/go-unmaintained/pkg/resolver/retraction.go:85.2,87.38 2 0
github.com/johnsaigle/go-unmaintained/pkg/resolver/retraction.go:87.38,89.3 1 0
github.com/johnsaigle/go-unmaintained/pkg/resolver/retraction.go:92.2,93.16 2 0
github.com/johnsaigle/go-unmaintained/pkg/resolver/retraction.go:93.16,95.3 1 0
github.com/johnsaigle/go-unmaintained/pkg/resolver/retraction.go:97.2,100.38 2 0
github.com/johnsaigle/go-unmaintained/pkg/resolver/retraction.go:100.38,101.57 1 0
github.com/johnsaigle/go-unmaintained/pkg/resolver/retraction.go:101.57,104.9 3 0
github.com/johnsaigle/go-unmaintained/pkg/resolver/retraction.go:108.2,108.18 1 0
github.com/johnsaigle/go-unmaintained/pkg/resolver/retraction.go:112.63,119.21 5 1
github.com/johnsaigle/go-unmaintained/pkg/resolver/retraction.go:119.21,124.39 3 1
github.com/johnsaigle/go-unmaintained/pkg/resolver/retraction.go:124.39,127.28 3 1
github.com/johnsaigle/go-unmaintained/pkg/resolver/retraction.go:127.28,129.5 1 1
github.com/johnsaigle/go-unmaintained/pkg/resolver/retraction.go:130.4,131.12 2 1
github.com/johnsaigle/go-unmaintained/pkg/resolver/retraction.go:135.3,135.46 1 1
github.com/johnsaigle/go-unmaintained/pkg/resolver/retraction.go:135.46,138.12 3 1
github.com/johnsaigle/go-unmaintained/pkg/resolver/retraction.go:142.3,142.39 1 1
github.com/johnsaigle/go-unmaintained/pkg/resolver/retraction.go:142.39,145.12 3 1
github.com/johnsaigle/go-unmaintained/pkg/resolver/retraction.go:149.3,149.63 1 1
github.com/johnsaigle/go-unmaintained/pkg/resolver/retraction.go:149.63,151.22 2 1
github.com/johnsaigle/go-unmaintained/pkg/resolver/retraction.go:151.22,153.5 1 1
github.com/johnsaigle/go-unmaintained/pkg/resolver/retraction.go:154.4,154.23 1 1
github.com/johnsaigle/go-unmaintained/pkg/resolver/retraction.go:158.3,158.101 1 1
github.com/johnsaigle/go-unmaintained/pkg/resolver/retraction.go:158.101,160.4 1 1
github.com/johnsaigle/go-unmaintained/pkg/resolver/retraction.go:163.2,163.38 1 1
github.com/johnsaigle/go-unmaintained/pkg/resolver/retraction.go:163.38,165.3 1 0
github.com/johnsaigle/go-unmaintained/pkg/resolver/retraction.go:167.2,167.25 1 1
github.com/johnsaigle/go-unmaintained/pkg/resolver/retraction.go:171.62,179.49 4 1
github.com/johnsaigle/go-unmaintained/pkg/resolver/retraction.go:179.49,180.20 1 1
github.com/johnsaigle/go-unmaintained/pkg/resolver/retraction.go:180.20,182.4 1 1
github.com/johnsaigle/go-unmaintained/pkg/resolver/retraction.go:183.3,183.39 1 1
github.com/johnsaigle/go-unmaintained/pkg/resolver/retraction.go:187.2,187.16 1 1
github.com/johnsaigle/go-unmaintained/pkg/resolver/retraction.go:187.16,189.3 1 0
github.com/johnsaigle/go-unmaintained/pkg/resolver/retraction.go:192.2,192.66 1 1
github.com/johnsaigle/go-unmaintained/pkg/resolver/retraction.go:192.66,195.22 3 1
github.com/johnsaigle/go-unmaintained/pkg/resolver/retraction.go:195.22,203.4 3 1
github.com/johnsaigle/go-unmaintained/pkg/resolver/retraction.go:207.2,208.29 2 1
github.com/johnsaigle/go-unmaintained/pkg/resolver/retraction.go:208.29,214.3 1 1
github.com/johnsaigle/go-unmaintained/pkg/resolver/retraction.go:216.2,216.12 1 0
github.com/johnsaigle/go-unmaintained/pkg/resolver/retraction.go:220.53,222.79 1 1
github.com/johnsaigle/go-unmaintained/pkg/resolver/retraction.go:222.79,224.3 1 1
github.com/johnsaigle/go-unmaintained/pkg/resolver/retraction.go:227.2,227.80 1 1
github.com/johnsaigle/go-unmaintained/pkg/providers/providers.go:27.40,34.2 1 1
github.com/johnsaigle/go-unmaintained/pkg/providers/providers.go:37.117,38.40 1 1
github.com/johnsaigle/go-unmaintained/pkg/providers/providers.go:38.40,39.34 1 1
github.com/johnsaigle/go-unmaintained/pkg/providers/providers.go:39.34,41.4 1 0
github.com/johnsaigle/go-unmaintained/pkg/providers/providers.go:44.2,44.63 1 1
github.com/johnsaigle/go-unmaintained/pkg/providers/providers.go:65.42,71.2 1 1
github.com/johnsaigle/go-unmaintained/pkg/providers/providers.go:74.44,76.2 1 1
github.com/johnsaigle/go-unmaintained/pkg/providers/providers.go:79.58,81.2 1 1
github.com/johnsaigle/go-unmaintained/pkg/providers/providers.go:84.112,90.16 4 0
github.com/johnsaigle/go-unmaintained/pkg/providers/providers.go:90.16,92.3 1 0
github.com/johnsaigle/go-unmaintained/pkg/providers/providers.go:94.2,95.16 2 0
github.com/johnsaigle/go-unmaintained/pkg/providers/providers.go:95.16,97.3 1 0
github.com/johnsaigle/go-unmaintained/pkg/providers/providers.go:98.2,100.28 2 0
github.com/johnsaigle/go-unmaintained/pkg/providers/providers.go:100.28,102.3 1 0
github.com/johnsaigle/go-unmaintained/pkg/providers/providers.go:104.2,104.28 1 0
github.com/johnsaigle/go-unmaintained/pkg/providers/providers.go:104.28,106.3 1 0
github.com/johnsaigle/go-unmaintained/pkg/providers/providers.go:108.2,109.68 2 0
github.com/johnsaigle/go-unmaintained/pkg/providers/providers.go:109.68,111.3 1 0
github.com/johnsaigle/go-unmaintained/pkg/providers/providers.go:114.2,125.38 2 0
github.com/johnsaigle/go-unmaintained/pkg/providers/providers.go:125.38,127.3 1 0
github.com/johnsaigle/go-unmaintained/pkg/providers/providers.go:129.2,129.22 1 0
github.com/johnsaigle/go-unmaintained/pkg/providers/providers.go:157.48,163.2 1 1
github.com/johnsaigle/go-unmaintained/pkg/providers/providers.go:166.47,168.2 1 1
github.com/johnsaigle/go-unmaintained/pkg/providers/providers.go:171.61,173.2 1 1
github.com/johnsaigle/go-unmaintained/pkg/providers/providers.go:176.115,181.16 3 0
github.com/johnsaigle/go-unmaintained/pkg/providers/providers.go:181.16,183.3 1 0
github.com/johnsaigle/go-unmaintained/pkg/providers/providers.go:185.2,186.16 2 0
github.com/johnsaigle/go-unmaintained/pkg/providers/providers.go:186.16,188.3 1 0
github.com/johnsaigle/go-unmaintained/pkg/providers/providers.go:189.2,191.28 2 0
github.com/johnsaigle/go-unmaintained/pkg/providers/providers.go:191.28,193.3 1 0
github.com/johnsaigle/go-unmaintained/pkg/providers/providers.go:195.2,195.28 1 0
github.com/johnsaigle/go-unmaintained/pkg/providers/providers.go:195.28,197.3 1 0
github.com/johnsaigle/go-unmaintained/pkg/providers/providers.go:199.2,200.71 2 0
github.com/johnsaigle/go-unmaintained/pkg/providers/providers.go:200.71,202.3 1 0
github.com/johnsaigle/go-unmaintained/pkg/providers/providers.go:205.2,216.36 2 0
github.com/johnsaigle/go-unmaintained/pkg/providers/providers.go:216.36,218.3 1 0
github.com/johnsaigle/go-unmaintained/pkg/providers/providers.go:220.2,220.22 1 0
github.com/johnsaigle/go-unmaintained/pkg/providers/providers.go:224.47,230.37 2 1
github.com/johnsaigle/go-unmaintained/pkg/providers/providers.go:230.37,231.34 1 1
github.com/johnsaigle/go-unmaintained/pkg/providers/providers.go:231.34,233.4 1 1
github.com/johnsaigle/go-unmaintained/pkg/providers/providers.go:236.2,236.12 1 1
